--- New Render Call ---
Image Shape: torch.Size([1, 768, 768, 3])
CaptionLive: Rust backend loaded successfully.
Font Path: C:\Windows\Fonts\arial.ttf (Exists: True)
Rendering Params: W=768, H=768, Scale=3.66, FontSize=204.8
Rust Render Error (Frame 0): render_mask() takes 9 positional arguments but 12 were given
Render Complete. Success: 0, Errors: 1
--- New Render Call ---
Image Shape: torch.Size([1, 768, 768, 3])
CaptionLive: Rust backend loaded successfully.
Font Path: C:\Windows\Fonts\arial.ttf (Exists: True)
Rendering Params: W=768, H=768, Scale=3.66, FontSize=204.8
Rust Render Error (Frame 0): module 'rust_caption' has no attribute 'render_mask_v2'
Render Complete. Success: 0, Errors: 1
--- New Render Call ---
Image Shape: torch.Size([1, 768, 768, 3])
CaptionLive: Rust backend loaded successfully from E:\Ai\ComfyUI\comfypy\Lib\site-packages\rust_caption\__init__.py.
Font Path: C:\Windows\Fonts\arial.ttf (Exists: True)
Rendering Params: W=768, H=768, Scale=3.66, FontSize=204.8
Rust Render Error (Frame 0): module 'rust_caption' has no attribute 'render_mask_v2'
Render Complete. Success: 0, Errors: 1
--- New Render Call ---
Image Shape: torch.Size([1, 768, 768, 3])
CaptionLive: Rust backend loaded successfully from E:\Ai\ComfyUI\ComfyUI\custom_nodes\caption-live\rust_caption.pyd.
Font Path: C:\Windows\Fonts\arial.ttf (Exists: True)
Rendering Params: W=768, H=768, Scale=3.66, FontSize=204.8
Rust Buffer Size: 2359296 bytes
Buffer Max Value: 255
Render Complete. Success: 1, Errors: 0
--- New Render Call ---
Image Shape: torch.Size([1, 768, 768, 3])
Font Path: C:\Windows\Fonts\arial.ttf (Exists: True)
Rendering Params: W=768, H=768, Scale=3.66, FontSize=204.8
Rust Buffer Size: 2359296 bytes
Buffer Max Value: 255
Render Complete. Success: 1, Errors: 0
--- New Render Call ---
Image Shape: torch.Size([192, 720, 1280, 3])
Font Path: C:\Windows\Fonts\arial.ttf (Exists: True)
Rendering Params: W=1280, H=720, Scale=6.10, FontSize=341.3
Rust Buffer Size: 3686400 bytes
Buffer Max Value: 0
--- New Render Call ---
Image Shape: torch.Size([192, 720, 1280, 3])
CaptionLive: Rust backend loaded successfully from E:\Ai\ComfyUI\ComfyUI\custom_nodes\caption-live\rust_caption.pyd.
Font Path: C:\Windows\Fonts\arial.ttf (Exists: True)
Input Segments (raw): arial.ttf
Segments JSON sent to Rust: [{"start": 0.0, "end": 1.0, "text": "Hello"},{"start": 1.0, "end": 2.0, "text": "World"}]
Rendering Params: W=1280, H=720, Scale=6.10, FontSize=341.3
Rust Buffer Size: 3686400 bytes
Buffer Max Value: 0
--- New Render Call ---
Image Shape: torch.Size([192, 720, 1280, 3])
CaptionLive: Rust backend loaded successfully from E:\Ai\ComfyUI\ComfyUI\custom_nodes\caption-live\rust_caption.pyd.
Font Path: C:\Windows\Fonts\arial.ttf (Exists: True)
Input Segments (raw): arial.ttf
Segments JSON sent to Rust: [{"start": 0.0, "end": 1.0, "text": "Hello"},{"start": 1.0, "end": 2.0, "text": "World"}]
Rendering Params: W=1280, H=720, Scale=6.10, FontSize=341.3
Rust Buffer Size: 3686400 bytes
Buffer Max Value: 0
Render Complete. Success: 192, Errors: 0
--- New Render Call ---
Image Shape: torch.Size([1, 768, 768, 3])
Font Path: C:\Windows\Fonts\arial.ttf (Exists: True)
Input Segments (raw): arial.ttf
Segments JSON sent to Rust: [{"start": 0.0, "end": 1.0, "text": "Hello"},{"start": 1.0, "end": 2.0, "text": "World"}]
Rendering Params: W=768, H=768, Scale=3.66, FontSize=204.8
Rust Buffer Size: 2359296 bytes
Buffer Max Value: 255
Render Complete. Success: 1, Errors: 0
--- New Render Call ---
Image Shape: torch.Size([1, 768, 768, 3])
Font Path: C:\Windows\Fonts\arial.ttf (Exists: True)
Input Segments (raw): arial.ttf
Segments JSON sent to Rust: [{"start": 0.0, "end": 1.0, "text": "Hello"},{"start": 1.0, "end": 2.0, "text": "World"}]
Rendering Params: W=768, H=768, Scale=3.66, FontSize=204.8
Rust Buffer Size: 2359296 bytes
Buffer Max Value: 255
Render Complete. Success: 1, Errors: 0
--- New Render Call ---
Image Shape: torch.Size([192, 720, 1280, 3])
CaptionLive: Rust backend loaded successfully from E:\Ai\ComfyUI\ComfyUI\custom_nodes\caption-live\rust_caption.pyd.
Font Path: C:\Windows\Fonts\arial.ttf (Exists: True)
Input Segments (raw): arial.ttf
Segments JSON sent to Rust: [{"start": 0.0, "end": 1.0, "text": "Hello"},{"start": 1.0, "end": 2.0, "text": "World"}]
Rendering Params: W=1280, H=720, Scale=6.10, FontSize=341.3
Rust Buffer Size: 3686400 bytes
Buffer Max Value: 0
Render Complete. Success: 192, Errors: 0
--- New Render Call ---
Image Shape: torch.Size([192, 720, 1280, 3])
Font Path: C:\Windows\Fonts\arial.ttf (Exists: True)
Input Segments (raw): arial.ttf
Segments JSON sent to Rust: [{"start": 0.0, "end": 1.0, "text": "Hello"},{"start": 1.0, "end": 2.0, "text": "World"}]
Rendering Params: W=1280, H=720, Scale=6.10, FontSize=65.2
Rust Buffer Size: 3686400 bytes
Buffer Max Value: 255
Render Complete. Success: 192, Errors: 0
--- New Render Call ---
Image Shape: torch.Size([192, 720, 1280, 3])
Font Path: C:\Windows\Fonts\arial.ttf (Exists: True)
Input Segments (raw): arial.ttf
Segments JSON sent to Rust: [{"start": 0.0, "end": 1.0, "text": "Hello"},{"start": 1.0, "end": 2.0, "text": "World"}]
Rendering Params: W=1280, H=720, Scale=6.10, FontSize=65.2
Rust Buffer Size: 3686400 bytes
Buffer Max Value: 255
Render Complete. Success: 192, Errors: 0
--- New Render Call ---
Image Shape: torch.Size([192, 720, 1280, 3])
CaptionLive: Rust backend loaded successfully from E:\Ai\ComfyUI\ComfyUI\custom_nodes\caption-live\rust_caption.pyd.
Font Path: C:\Windows\Fonts (Exists: True)
Input Segments (raw): C:\Windows\Fonts
Segments JSON sent to Rust: [{"start": 0.0, "end": 1.0, "text": "Hello"},{"start": 1.0, "end": 2.0, "text": "World"}]
Rendering Params: W=1280, H=720, Scale=6.10, FontSize=61.0
Rendering Params: W=1280, H=720, Scale=6.10, FontSize=61.0
Sending 192 frames to Rust backend...
Rust Batch Render Error: Failed to create Pixmap from bytes
Traceback (most recent call last):
  File "E:\Ai\ComfyUI\ComfyUI\custom_nodes\caption-live\caption_live.py", line 129, in render
    output_bytes_list = rust_caption.render_tiktok_batch(
                        ^^^^^^^^^^^^^^^^^^^^^^^^^^^^^^^^^
ValueError: Failed to create Pixmap from bytes

--- New Render Call ---
Image Shape: torch.Size([192, 720, 1280, 3])
CaptionLive: Rust backend loaded successfully from E:\Ai\ComfyUI\ComfyUI\custom_nodes\caption-live\rust_caption.pyd.
Font Path: C:\Windows\Fonts (Exists: True)
Input Segments (raw): C:\Windows\Fonts
Segments JSON sent to Rust: [{"start": 0.0, "end": 1.0, "text": "Hello"},{"start": 1.0, "end": 2.0, "text": "World"}]
Rendering Params: W=1280, H=720, Scale=6.10, FontSize=74.4
Rendering Params: W=1280, H=720, Scale=6.10, FontSize=74.4
Sending 192 frames to Rust backend...
Received 192 frames from Rust backend.
Rust Batch Render Error: a bytes-like object is required, not 'list'
Traceback (most recent call last):
  File "E:\Ai\ComfyUI\ComfyUI\custom_nodes\caption-live\caption_live.py", line 157, in render
    img_np = np.frombuffer(raw_bytes, dtype=np.uint8).reshape(height, width, 4) # RGBA
             ^^^^^^^^^^^^^^^^^^^^^^^^^^^^^^^^^^^^^^^^
TypeError: a bytes-like object is required, not 'list'

--- New Render Call ---
Image Shape: torch.Size([192, 720, 1280, 3])
CaptionLive: Rust backend loaded successfully from E:\Ai\ComfyUI\ComfyUI\custom_nodes\caption-live\rust_caption.pyd.
Font Path: C:\Windows\Fonts (Exists: True)
Input Segments (raw): C:\Windows\Fonts
Segments JSON sent to Rust: [{"start": 0.0, "end": 1.0, "text": "Hello"},{"start": 1.0, "end": 2.0, "text": "World"}]
Rendering Params: W=1280, H=720, Scale=6.10, FontSize=74.4
Rendering Params: W=1280, H=720, Scale=6.10, FontSize=74.4
Sending 192 frames to Rust backend...
Received 192 frames from Rust backend.
Rust Batch Render Error: a bytes-like object is required, not 'list'
Traceback (most recent call last):
  File "E:\Ai\ComfyUI\ComfyUI\custom_nodes\caption-live\caption_live.py", line 158, in render
    img_np = np.frombuffer(raw_bytes, dtype=np.uint8).reshape(height, width, 4) # RGBA
             ^^^^^^^^^^^^^^^^^^^^^^^^^^^^^^^^^^^^^^^^
TypeError: a bytes-like object is required, not 'list'

--- New Render Call ---
Image Shape: torch.Size([192, 720, 1280, 3])
CaptionLive: Rust backend loaded successfully from E:\Ai\ComfyUI\ComfyUI\custom_nodes\caption-live\rust_caption.pyd.
Font Path: C:\Windows\Fonts (Exists: True)
Input Segments (raw): C:\Windows\Fonts
Segments JSON sent to Rust: [{"start": 0.0, "end": 1.0, "text": "Hello"},{"start": 1.0, "end": 2.0, "text": "World"}]
Rendering Params: W=1280, H=720, Scale=6.10, FontSize=74.4
Rendering Params: W=1280, H=720, Scale=6.10, FontSize=74.4
Sending 192 frames to Rust backend...
Received 192 frames from Rust backend.
Output Tensor Shape (Before Restore): torch.Size([192, 720, 1280, 4]), is_rgb_input: True
Restored RGB. New Shape: torch.Size([192, 720, 1280, 3])
--- New Render Call ---
Image Shape: torch.Size([192, 720, 1280, 3])
CaptionLive: Rust backend loaded successfully from E:\Ai\ComfyUI\ComfyUI\custom_nodes\caption-live\rust_caption.pyd.
Font Path: C:\Windows\Fonts (Exists: True)
Input Segments (raw): C:\Windows\Fonts
Segments JSON sent to Rust: [{"start": 0.0, "end": 1.0, "text": "Hello"},{"start": 1.0, "end": 2.0, "text": "World"}]
Rendering Params: W=1280, H=720, Scale=6.10, FontSize=74.4
Rendering Params: W=1280, H=720, Scale=6.10, FontSize=74.4
Sending 192 frames to Rust backend...
Received 192 frames from Rust backend.
Output Tensor Shape (Before Restore): torch.Size([192, 720, 1280, 4]), is_rgb_input: True
Restored RGB. New Shape: torch.Size([192, 720, 1280, 3])
--- New Render Call ---
Image Shape: torch.Size([192, 720, 1280, 3])
Font Path: C:\Windows\Fonts (Exists: True)
Input Segments (raw): C:\Windows\Fonts
Segments JSON sent to Rust: [{"start": 0.0, "end": 1.0, "text": "Hello"},{"start": 1.0, "end": 2.0, "text": "World"}]
Rendering Params: W=1280, H=720, Scale=6.10, FontSize=74.4
Rendering Params: W=1280, H=720, Scale=6.10, FontSize=74.4
Sending 192 frames to Rust backend...
Received 192 frames from Rust backend.
--- New Render Call ---
Image Shape: torch.Size([1, 768, 768, 3])
CaptionLive: Rust backend loaded successfully from E:\Ai\ComfyUI\ComfyUI\custom_nodes\caption-live\rust_caption.pyd.
Font Path: C:\Windows\Fonts\arial.ttf (Exists: True)
Input Segments (raw): arial.ttf
Segments JSON sent to Rust: [{"start": 0.0, "end": 1.0, "text": "Hello"},{"start": 1.0, "end": 2.0, "text": "World"}]
Rendering Params: W=768, H=768, Scale=3.66, FontSize=25.6
Rendering Params: W=768, H=768, Scale=3.66, FontSize=25.6
Sending 1 frames to Rust backend...
Received 1 frames from Rust backend.
Output Tensor Shape (Before Restore): torch.Size([1, 768, 768, 4]), is_rgb_input: True
Restored RGB. New Shape: torch.Size([1, 768, 768, 3])
--- New Render Call ---
Image Shape: torch.Size([1, 768, 768, 3])
Font Path: C:\Windows\Fonts\arial.ttf (Exists: True)
Input Segments (raw): arial.ttf
Segments JSON sent to Rust: [{"start": 0.0, "end": 1.0, "text": "Hello"},{"start": 1.0, "end": 2.0, "text": "World"}]
Rendering Params: W=768, H=768, Scale=3.66, FontSize=62.2
Rendering Params: W=768, H=768, Scale=3.66, FontSize=62.2
Sending 1 frames to Rust backend...
Received 1 frames from Rust backend.
Output Tensor Shape (Before Restore): torch.Size([1, 768, 768, 4]), is_rgb_input: True
Restored RGB. New Shape: torch.Size([1, 768, 768, 3])
--- New Render Call ---
Image Shape: torch.Size([1, 768, 768, 3])
Font Path: C:\Windows\Fonts\arial.ttf (Exists: True)
Input Segments (raw): arial.ttf
Segments JSON sent to Rust: [{"start": 0.0, "end": 1.0, "text": "Hello"},{"start": 1.0, "end": 2.0, "text": "World"}]
Rendering Params: W=768, H=768, Scale=3.66, FontSize=85.9
Rendering Params: W=768, H=768, Scale=3.66, FontSize=85.9
Sending 1 frames to Rust backend...
Received 1 frames from Rust backend.
Output Tensor Shape (Before Restore): torch.Size([1, 768, 768, 4]), is_rgb_input: True
Restored RGB. New Shape: torch.Size([1, 768, 768, 3])
--- New Render Call ---
Image Shape: torch.Size([1, 768, 768, 3])
Font Path: C:\Windows\Fonts\arial.ttf (Exists: True)
Input Segments (raw): arial.ttf
Segments JSON sent to Rust: [{"start": 0.0, "end": 1.0, "text": "Hello"},{"start": 1.0, "end": 2.0, "text": "World"}]
Rendering Params: W=768, H=768, Scale=3.66, FontSize=85.9
Rendering Params: W=768, H=768, Scale=3.66, FontSize=85.9
Sending 1 frames to Rust backend...
Received 1 frames from Rust backend.
Output Tensor Shape (Before Restore): torch.Size([1, 768, 768, 4]), is_rgb_input: True
Restored RGB. New Shape: torch.Size([1, 768, 768, 3])
--- New Render Call ---
Image Shape: torch.Size([1, 768, 768, 3])
Font Path: C:\Windows\Fonts\arial.ttf (Exists: True)
Input Segments (raw): arial.ttf
Segments JSON sent to Rust: [{"start": 0.0, "end": 1.0, "text": "Hello"},{"start": 1.0, "end": 2.0, "text": "World"}]
Rendering Params: W=768, H=768, Scale=3.66, FontSize=85.9
Rendering Params: W=768, H=768, Scale=3.66, FontSize=85.9
Sending 1 frames to Rust backend...
Received 1 frames from Rust backend.
Output Tensor Shape (Before Restore): torch.Size([1, 768, 768, 4]), is_rgb_input: True
Restored RGB. New Shape: torch.Size([1, 768, 768, 3])
--- New Render Call ---
Image Shape: torch.Size([1, 768, 768, 3])
Font Path: C:\Windows\Fonts\arial.ttf (Exists: True)
Input Segments (raw): arial.ttf
Segments JSON sent to Rust: [{"start": 0.0, "end": 1.0, "text": "Hello"},{"start": 1.0, "end": 2.0, "text": "World"}]
Rendering Params: W=768, H=768, Scale=3.66, FontSize=36.6
Rendering Params: W=768, H=768, Scale=3.66, FontSize=36.6
Sending 1 frames to Rust backend...
Received 1 frames from Rust backend.
Output Tensor Shape (Before Restore): torch.Size([1, 768, 768, 4]), is_rgb_input: True
Restored RGB. New Shape: torch.Size([1, 768, 768, 3])
--- New Render Call ---
Image Shape: torch.Size([1, 768, 768, 3])
CaptionLive: Rust backend loaded successfully from E:\Ai\ComfyUI\ComfyUI\custom_nodes\caption-live\rust_caption.pyd.
Font Path: C:\Windows\Fonts\arial.ttf (Exists: True)
Input Segments (raw): arial.ttf
Segments JSON sent to Rust: [{"start": 0.0, "end": 1.0, "text": "Hello"},{"start": 1.0, "end": 2.0, "text": "World"}]
Rendering Params: W=768, H=768, Scale=3.66, FontSize=36.6
Starting Batch Render. Total Frames: 1, Chunk Size: 50
Processing Chunk 0-1...
Render Complete. Final Shape: torch.Size([1, 768, 768, 3])
--- New Render Call ---
Image Shape: torch.Size([1, 768, 768, 3])
CaptionLive: Rust backend loaded successfully from E:\Ai\ComfyUI\ComfyUI\custom_nodes\caption-live\rust_caption.pyd.
Font Path: C:\Windows\Fonts\arial.ttf (Exists: True)
Input Segments (raw): arial.ttf
Segments JSON sent to Rust: [{"start": 0.0, "end": 1.0, "text": "Hello"},{"start": 1.0, "end": 2.0, "text": "World"}]
Rendering Params: W=768, H=768, Scale=3.66, FontSize=36.6
Starting Batch Render. Total Frames: 1, Chunk Size: 50
Processing Chunk 0-1...
Render Complete. Final Shape: torch.Size([1, 768, 768, 3])
--- New Render Call ---
Image Shape: torch.Size([1, 768, 768, 3])
Font Path: C:\Windows\Fonts\arial.ttf (Exists: True)
Input Segments (raw): arial.ttf
Segments JSON sent to Rust: [{"start": 0.0, "end": 1.0, "text": "Hello"},{"start": 1.0, "end": 2.0, "text": "World"}]
Rendering Params: W=768, H=768, Scale=3.66, FontSize=36.6
Starting Batch Render. Total Frames: 1, Chunk Size: 50
Processing Chunk 0-1...
Render Complete. Final Shape: torch.Size([1, 768, 768, 3])
--- New Render Call ---
Image Shape: torch.Size([1, 768, 768, 3])
Font Path: C:\Windows\Fonts\arial.ttf (Exists: True)
Input Segments (raw): arial.ttf
Segments JSON sent to Rust: [{"start": 0.0, "end": 1.0, "text": "Hello"},{"start": 1.0, "end": 2.0, "text": "World"}]
Rendering Params: W=768, H=768, Scale=3.66, FontSize=36.6
Starting Batch Render. Total Frames: 1, Chunk Size: 50
Processing Chunk 0-1...
Render Complete. Final Shape: torch.Size([1, 768, 768, 3])
--- New Render Call ---
Image Shape: torch.Size([1, 768, 768, 3])
Font Path: C:\Windows\Fonts\arial.ttf (Exists: True)
Input Segments (raw): arial.ttf
Segments JSON sent to Rust: [{"start": 0.0, "end": 1.0, "text": "Hello"},{"start": 1.0, "end": 2.0, "text": "World"}]
Rendering Params: W=768, H=768, Scale=3.66, FontSize=36.6
Starting Batch Render. Total Frames: 1, Chunk Size: 50
Processing Chunk 0-1...
Render Complete. Final Shape: torch.Size([1, 768, 768, 3])
--- New Render Call ---
Image Shape: torch.Size([1, 768, 768, 3])
Font Path: C:\Windows\Fonts\arial.ttf (Exists: True)
Input Segments (raw): arial.ttf
Segments JSON sent to Rust: [{"start": 0.0, "end": 1.0, "text": "Hello"},{"start": 1.0, "end": 2.0, "text": "World"}]
Rendering Params: W=768, H=768, Scale=3.66, FontSize=36.6
Starting Batch Render. Total Frames: 1, Chunk Size: 50
Processing Chunk 0-1...
Render Complete. Final Shape: torch.Size([1, 768, 768, 3])
--- New Render Call ---
Image Shape: torch.Size([1, 768, 768, 3])
Font Path: C:\Windows\Fonts\arial.ttf (Exists: True)
Input Segments (raw): arial.ttf
Segments JSON sent to Rust: [{"start": 0.0, "end": 1.0, "text": "Hello"},{"start": 1.0, "end": 2.0, "text": "World"}]
Rendering Params: W=768, H=768, Scale=3.66, FontSize=36.6
Starting Batch Render. Total Frames: 1, Chunk Size: 50
Processing Chunk 0-1...
Render Complete. Final Shape: torch.Size([1, 768, 768, 3])
--- New Render Call ---
Image Shape: torch.Size([192, 720, 1280, 3])
Font Path: C:\Windows\Fonts\arial.ttf (Exists: True)
Input Segments (raw): arial.ttf
Segments JSON sent to Rust: [{"start": 0.0, "end": 1.0, "text": "Hello"},{"start": 1.0, "end": 2.0, "text": "World"}]
Rendering Params: W=1280, H=720, Scale=6.10, FontSize=61.0
Starting Batch Render. Total Frames: 192, Chunk Size: 50
Processing Chunk 0-50...
Processing Chunk 50-100...
Processing Chunk 100-150...
Processing Chunk 150-192...
Render Complete. Final Shape: torch.Size([192, 720, 1280, 3])
--- New Render Call ---
Image Shape: torch.Size([192, 720, 1280, 3])
Font Path: C:\Windows\Fonts\arial.ttf (Exists: True)
Input Segments (raw): arial.ttf
Segments JSON sent to Rust: [{"start": 0.0, "end": 1.0, "text": "Hello"},{"start": 1.0, "end": 2.0, "text": "World"}]
Rendering Params: W=1280, H=720, Scale=6.10, FontSize=61.0
Starting Batch Render. Total Frames: 192, Chunk Size: 50
Processing Chunk 0-50...
Processing Chunk 50-100...
Processing Chunk 100-150...
Processing Chunk 150-192...
Render Complete. Final Shape: torch.Size([192, 720, 1280, 3])
--- New Render Call ---
Image Shape: torch.Size([192, 720, 1280, 3])
CaptionLive: Rust backend loaded successfully from E:\Ai\ComfyUI\ComfyUI\custom_nodes\caption-live\rust_caption.pyd.
Font Path: C:\Windows\Fonts\arial.ttf (Exists: True)
Input Segments (raw): arial.ttf
Segments JSON sent to Rust: [{"start": 0.0, "end": 1.0, "text": "Hello"},{"start": 1.0, "end": 2.0, "text": "World"}]
Rendering Params: W=1280, H=720, Scale=6.10, FontSize=61.0
Starting Batch Render. Total Frames: 192, Chunk Size: 50
Processing Chunk 0-50...
Processing Chunk 50-100...
Processing Chunk 100-150...
Processing Chunk 150-192...
Render Complete. Final Shape: torch.Size([192, 720, 1280, 3])
--- New Render Call ---
Image Shape: torch.Size([1, 768, 768, 3])
CaptionLive: Rust backend loaded successfully from E:\Ai\ComfyUI\ComfyUI\custom_nodes\caption-live\rust_caption.pyd.
Font Path: C:\Windows\Fonts\arial.ttf (Exists: True)
Input Segments (raw): arial.ttf
Segments JSON sent to Rust: [{"start": 0.0, "end": 1.0, "text": "Hello"},{"start": 1.0, "end": 2.0, "text": "World"}]
Rendering Params: W=768, H=768, Scale=3.66, FontSize=36.6
Starting Batch Render. Total Frames: 1, Chunk Size: 50
Processing Chunk 0-1...
Render Complete. Final Shape: torch.Size([1, 768, 768, 3])
--- New Render Call ---
Image Shape: torch.Size([1, 768, 768, 3])
CaptionLive: Rust backend loaded successfully from E:\Ai\ComfyUI\ComfyUI\custom_nodes\caption-live\rust_caption.pyd.
Font Path: C:\Windows\Fonts\arial.ttf (Exists: True)
Input Segments (raw): arial.ttf
Segments JSON sent to Rust: [{"start": 0.0, "end": 1.0, "text": "Hello"},{"start": 1.0, "end": 2.0, "text": "World"}]
Rendering Params: W=768, H=768, Scale=3.66, FontSize=36.6
Starting Batch Render. Total Frames: 1, Chunk Size: 50
Processing Chunk 0-1...
Rust Batch Render Error: cannot access local variable 'output_bytes_list' where it is not associated with a value
Traceback (most recent call last):
  File "E:\Ai\ComfyUI\ComfyUI\custom_nodes\caption-live\caption_live.py", line 145, in render
    for raw_bytes in output_bytes_list:
                     ^^^^^^^^^^^^^^^^^
UnboundLocalError: cannot access local variable 'output_bytes_list' where it is not associated with a value

--- New Render Call ---
Image Shape: torch.Size([1, 768, 768, 3])
Font Path: C:\Windows\Fonts\arial.ttf (Exists: True)
Input Segments (raw): arial.ttf
Segments JSON sent to Rust: [{"start": 0.0, "end": 1.0, "text": "Hello"},{"start": 1.0, "end": 2.0, "text": "World"}]
Rendering Params: W=768, H=768, Scale=3.66, FontSize=36.6
Starting Batch Render. Total Frames: 1, Chunk Size: 50
Processing Chunk 0-1...
Rust Batch Render Error: cannot access local variable 'output_bytes_list' where it is not associated with a value
Traceback (most recent call last):
  File "E:\Ai\ComfyUI\ComfyUI\custom_nodes\caption-live\caption_live.py", line 145, in render
    for raw_bytes in output_bytes_list:
                     ^^^^^^^^^^^^^^^^^
UnboundLocalError: cannot access local variable 'output_bytes_list' where it is not associated with a value

--- New Render Call ---
Image Shape: torch.Size([1, 768, 768, 3])
Font Path: C:\Windows\Fonts\arial.ttf (Exists: True)
Input Segments (raw): arial.ttf
Segments JSON sent to Rust: [{"start": 0.0, "end": 1.0, "text": "Hello"},{"start": 1.0, "end": 2.0, "text": "World"}]
Rendering Params: W=768, H=768, Scale=3.66, FontSize=36.6
Starting Batch Render. Total Frames: 1, Chunk Size: 50
Processing Chunk 0-1...
Rust Batch Render Error: cannot access local variable 'output_bytes_list' where it is not associated with a value
Traceback (most recent call last):
  File "E:\Ai\ComfyUI\ComfyUI\custom_nodes\caption-live\caption_live.py", line 145, in render
    for raw_bytes in output_bytes_list:
                     ^^^^^^^^^^^^^^^^^
UnboundLocalError: cannot access local variable 'output_bytes_list' where it is not associated with a value

--- New Render Call ---
Image Shape: torch.Size([1, 768, 768, 3])
CaptionLive: Rust backend loaded successfully from E:\Ai\ComfyUI\ComfyUI\custom_nodes\caption-live\rust_caption.pyd.
Font Path: C:\Windows\Fonts\arial.ttf (Exists: True)
Input Segments (raw): arial.ttf
Segments JSON sent to Rust: [{"start": 0.0, "end": 1.0, "text": "Hello"},{"start": 1.0, "end": 2.0, "text": "World"}]
Rendering Params: W=768, H=768, Scale=3.66, FontSize=36.6
Starting Batch Render. Total Frames: 1, Chunk Size: 50
Processing Chunk 0-1...
Rust Batch Render Error: cannot access local variable 'output_bytes_list' where it is not associated with a value
Traceback (most recent call last):
  File "E:\Ai\ComfyUI\ComfyUI\custom_nodes\caption-live\caption_live.py", line 145, in render
    for raw_bytes in output_bytes_list:
                     ^^^^^^^^^^^^^^^^^
UnboundLocalError: cannot access local variable 'output_bytes_list' where it is not associated with a value

--- New Render Call ---
Image Shape: torch.Size([1, 768, 768, 3])
CaptionLive: Rust backend loaded successfully from E:\Ai\ComfyUI\ComfyUI\custom_nodes\caption-live\rust_caption.pyd.
Font Path: C:\Windows\Fonts\arial.ttf (Exists: True)
Input Segments (raw): arial.ttf
Segments JSON sent to Rust: [{"start": 0.0, "end": 1.0, "text": "Hello"},{"start": 1.0, "end": 2.0, "text": "World"}]
Rendering Params: W=768, H=768, Scale=3.66, FontSize=36.6
Starting Batch Render. Total Frames: 1, Chunk Size: 50
Processing Chunk 0-1...
Render Complete. Final Shape: torch.Size([1, 768, 768, 3])
